<?xml version="1.0" encoding="UTF-8"?>
<!-- Generated by org.testng.reporters.JUnitXMLReporter -->
<testsuite hostname="XTV-HSHOLAPUR" ignored="4" name="Add Customer Test" tests="3" failures="0" timestamp="2020-06-01T19:12:46 IST" time="62.88" errors="0">
  <testcase name="test1" time="22.683" classname="com.w2a.testcases.BankmanagerLoginTest1"/>
  <testcase name="test1" time="19.243" classname="com.w2a.testcases.BankmanagerLoginTest1"/>
  <testcase name="test2" time="18.446" classname="com.w2a.testcases.bankmanagerLoginTest2"/>
  <testcase name="@BeforeSuite checkSuiteSkip" time="0.0" classname="com.w2a.testcases.Testsuitelogin">
    <ignored/>
  </testcase> <!-- @BeforeSuite checkSuiteSkip -->
  <testcase name="@BeforeSuite checkSuiteSkip" time="0.0" classname="com.w2a.testcases.Testsuitelogin">
    <ignored/>
  </testcase> <!-- @BeforeSuite checkSuiteSkip -->
  <testcase name="@AfterSuite tearDown" time="0.0" classname="com.w2a.testcases.Testsuitelogin">
    <ignored/>
  </testcase> <!-- @AfterSuite tearDown -->
  <testcase name="@AfterSuite tearDown" time="0.0" classname="com.w2a.testcases.Testsuitelogin">
    <ignored/>
  </testcase> <!-- @AfterSuite tearDown -->
</testsuite> <!-- Add Customer Test -->
