<?xml version="1.0" encoding="UTF-8"?>
<!-- Generated by org.testng.reporters.JUnitXMLReporter -->
<testsuite hostname="XTV-HSHOLAPUR" ignored="0" name="Open Account Test" tests="1" failures="1" timestamp="25 May 2020 06:59:38 GMT" time="0.016" errors="0">
  <testcase name="openAccountTest" time="0.001" classname="com.w2a.testcases.OpenAccountTest">
    <failure type="java.lang.Error" message="Unresolved compilation problems: 
	Unhandled exception type Exception
	Unhandled exception type Exception
">
      <![CDATA[java.lang.Error: Unresolved compilation problems: 
	Unhandled exception type Exception
	Unhandled exception type Exception

	at com.w2a.testcases.OpenAccountTest.openAccountTest(OpenAccountTest.java:26)
... Removed 25 stack frames]]>
    </failure>
  </testcase> <!-- openAccountTest -->
</testsuite> <!-- Open Account Test -->
